<?xml version="1.0" encoding="UTF-8"?>
<robot generator="Robot 4.1.2 (Python 3.9.6 on win32)" generated="20211216 12:04:14.588" rpa="false" schemaversion="2">
<suite id="s1" name="TC1" source="C:\Data\OneDrive - HCL Technologies Ltd\06.Simulator\Near RT RIC\RIC Automation Test\Test Results\Vietnam Team - Nanobot Demo\nanobot_updated_20211215_pm\nanobot\TC1.robot">
<test id="s1-t1" name="TC1">
<kw name="Create List" library="BuiltIn">
<var>${list}</var>
<arg>a</arg>
<arg>abc</arg>
<arg>bad</arg>
<doc>Returns a list containing given items.</doc>
<msg timestamp="20211216 12:04:14.673" level="INFO">${list} = ['a', 'abc', 'bad']</msg>
<status status="PASS" starttime="20211216 12:04:14.673" endtime="20211216 12:04:14.673"/>
</kw>
<kw name="Get Match Count" library="Collections">
<var>${count}</var>
<arg>${list}</arg>
<arg>*a*</arg>
<doc>Returns the count of matches to ``pattern`` in ``list``.</doc>
<msg timestamp="20211216 12:04:14.673" level="INFO">${count} = 3</msg>
<status status="PASS" starttime="20211216 12:04:14.673" endtime="20211216 12:04:14.673"/>
</kw>
<kw name="Log To Console" library="BuiltIn">
<arg>${count}</arg>
<doc>Logs the given message to the console.</doc>
<status status="PASS" starttime="20211216 12:04:14.673" endtime="20211216 12:04:14.673"/>
</kw>
<status status="PASS" starttime="20211216 12:04:14.673" endtime="20211216 12:04:14.673"/>
</test>
<doc>Suite description</doc>
<status status="PASS" starttime="20211216 12:04:14.588" endtime="20211216 12:04:14.673"/>
</suite>
<statistics>
<total>
<stat pass="1" fail="0" skip="0">All Tests</stat>
</total>
<tag>
</tag>
<suite>
<stat pass="1" fail="0" skip="0" id="s1" name="TC1">TC1</stat>
</suite>
</statistics>
<errors>
</errors>
</robot>
